[11/1/2020, 5:17:02 PM] [31merror[39m: ----------------------------
[11/1/2020, 5:17:02 PM] [31merror[39m: error = "{\"status\":404,\"message\":\"Not Found\"}"
[11/1/2020, 5:17:02 PM] [31merror[39m: method = "GET"
[11/1/2020, 5:17:02 PM] [31merror[39m: statusCode = undefined
[11/1/2020, 5:17:02 PM] [31merror[39m: params = {}
[11/1/2020, 5:17:02 PM] [31merror[39m: url = "/boards/5f9ec35df63528083cc2d6a9/tasks/5f9ec35df63528083cc2d6ac"
[11/1/2020, 5:17:02 PM] [31merror[39m: body = {}
[11/1/2020, 5:17:02 PM] [31merror[39m: query = {}
[11/1/2020, 5:17:02 PM] [31merror[39m: stack = undefined
[11/1/2020, 5:17:02 PM] [31merror[39m: ----------------------------
[11/1/2020, 5:17:02 PM] [31merror[39m: ----------------------------
[11/1/2020, 5:17:02 PM] [31merror[39m: error = "{\"status\":404,\"message\":\"Not Found\"}"
[11/1/2020, 5:17:02 PM] [31merror[39m: method = "GET"
[11/1/2020, 5:17:02 PM] [31merror[39m: statusCode = undefined
[11/1/2020, 5:17:02 PM] [31merror[39m: params = {}
[11/1/2020, 5:17:02 PM] [31merror[39m: url = "/boards/5f9ec35ef63528083cc2d6b7"
[11/1/2020, 5:17:02 PM] [31merror[39m: body = {}
[11/1/2020, 5:17:02 PM] [31merror[39m: query = {}
[11/1/2020, 5:17:02 PM] [31merror[39m: stack = undefined
[11/1/2020, 5:17:02 PM] [31merror[39m: ----------------------------
[11/1/2020, 5:17:03 PM] [31merror[39m: ----------------------------
[11/1/2020, 5:17:03 PM] [31merror[39m: error = "{\"status\":401,\"message\":\"Unauthorized\"}"
[11/1/2020, 5:17:03 PM] [31merror[39m: method = "GET"
[11/1/2020, 5:17:03 PM] [31merror[39m: statusCode = undefined
[11/1/2020, 5:17:03 PM] [31merror[39m: params = {}
[11/1/2020, 5:17:03 PM] [31merror[39m: url = "/users"
[11/1/2020, 5:17:03 PM] [31merror[39m: body = {}
[11/1/2020, 5:17:03 PM] [31merror[39m: query = {}
[11/1/2020, 5:17:03 PM] [31merror[39m: stack = undefined
[11/1/2020, 5:17:03 PM] [31merror[39m: ----------------------------
[11/1/2020, 5:17:03 PM] [31merror[39m: ----------------------------
[11/1/2020, 5:17:03 PM] [31merror[39m: error = "{\"status\":401,\"message\":\"Unauthorized\"}"
[11/1/2020, 5:17:03 PM] [31merror[39m: method = "GET"
[11/1/2020, 5:17:03 PM] [31merror[39m: statusCode = undefined
[11/1/2020, 5:17:03 PM] [31merror[39m: params = {}
[11/1/2020, 5:17:03 PM] [31merror[39m: url = "/users/123"
[11/1/2020, 5:17:03 PM] [31merror[39m: body = {}
[11/1/2020, 5:17:03 PM] [31merror[39m: query = {}
[11/1/2020, 5:17:03 PM] [31merror[39m: stack = undefined
[11/1/2020, 5:17:03 PM] [31merror[39m: ----------------------------
[11/1/2020, 5:17:03 PM] [31merror[39m: ----------------------------
[11/1/2020, 5:17:03 PM] [31merror[39m: error = "{\"status\":401,\"message\":\"Unauthorized\"}"
[11/1/2020, 5:17:03 PM] [31merror[39m: method = "POST"
[11/1/2020, 5:17:03 PM] [31merror[39m: statusCode = undefined
[11/1/2020, 5:17:03 PM] [31merror[39m: params = {}
[11/1/2020, 5:17:03 PM] [31merror[39m: url = "/users"
[11/1/2020, 5:17:03 PM] [31merror[39m: body = {"name":"TEST_USER","login":"test_user","password":"T35t_P@55w0rd"}
[11/1/2020, 5:17:03 PM] [31merror[39m: query = {}
[11/1/2020, 5:17:03 PM] [31merror[39m: stack = undefined
[11/1/2020, 5:17:03 PM] [31merror[39m: ----------------------------
[11/1/2020, 5:17:03 PM] [31merror[39m: ----------------------------
[11/1/2020, 5:17:03 PM] [31merror[39m: error = "{\"status\":401,\"message\":\"Unauthorized\"}"
[11/1/2020, 5:17:03 PM] [31merror[39m: method = "PUT"
[11/1/2020, 5:17:03 PM] [31merror[39m: statusCode = undefined
[11/1/2020, 5:17:03 PM] [31merror[39m: params = {}
[11/1/2020, 5:17:03 PM] [31merror[39m: url = "/users/12345"
[11/1/2020, 5:17:03 PM] [31merror[39m: body = {"name":"TEST_USER","login":"test_user","password":"T35t_P@55w0rd"}
[11/1/2020, 5:17:03 PM] [31merror[39m: query = {}
[11/1/2020, 5:17:03 PM] [31merror[39m: stack = undefined
[11/1/2020, 5:17:03 PM] [31merror[39m: ----------------------------
[11/1/2020, 5:17:03 PM] [31merror[39m: ----------------------------
[11/1/2020, 5:17:03 PM] [31merror[39m: error = "{\"status\":401,\"message\":\"Unauthorized\"}"
[11/1/2020, 5:17:03 PM] [31merror[39m: method = "DELETE"
[11/1/2020, 5:17:03 PM] [31merror[39m: statusCode = undefined
[11/1/2020, 5:17:03 PM] [31merror[39m: params = {}
[11/1/2020, 5:17:03 PM] [31merror[39m: url = "/users/12345"
[11/1/2020, 5:17:03 PM] [31merror[39m: body = {}
[11/1/2020, 5:17:03 PM] [31merror[39m: query = {}
[11/1/2020, 5:17:03 PM] [31merror[39m: stack = undefined
[11/1/2020, 5:17:03 PM] [31merror[39m: ----------------------------
[11/1/2020, 5:17:03 PM] [31merror[39m: ----------------------------
[11/1/2020, 5:17:03 PM] [31merror[39m: error = "{\"status\":404,\"message\":\"Not Found\"}"
[11/1/2020, 5:17:03 PM] [31merror[39m: method = "GET"
[11/1/2020, 5:17:03 PM] [31merror[39m: statusCode = undefined
[11/1/2020, 5:17:03 PM] [31merror[39m: params = {}
[11/1/2020, 5:17:03 PM] [31merror[39m: url = "/boards/5f9ec35ef63528083cc2d6ba/tasks/5f9ec35ef63528083cc2d6be"
[11/1/2020, 5:17:03 PM] [31merror[39m: body = {}
[11/1/2020, 5:17:03 PM] [31merror[39m: query = {}
[11/1/2020, 5:17:03 PM] [31merror[39m: stack = undefined
[11/1/2020, 5:17:03 PM] [31merror[39m: ----------------------------
[11/1/2020, 5:17:03 PM] [31merror[39m: ----------------------------
[11/1/2020, 5:17:03 PM] [31merror[39m: error = "{\"status\":404,\"message\":\"Not Found\"}"
[11/1/2020, 5:17:03 PM] [31merror[39m: method = "GET"
[11/1/2020, 5:17:03 PM] [31merror[39m: statusCode = undefined
[11/1/2020, 5:17:03 PM] [31merror[39m: params = {}
[11/1/2020, 5:17:03 PM] [31merror[39m: url = "/boards/5f9ec35ef63528083cc2d6ba/tasks/5f9ec35ef63528083cc2d6c0"
[11/1/2020, 5:17:03 PM] [31merror[39m: body = {}
[11/1/2020, 5:17:03 PM] [31merror[39m: query = {}
[11/1/2020, 5:17:03 PM] [31merror[39m: stack = undefined
[11/1/2020, 5:17:03 PM] [31merror[39m: ----------------------------
[11/1/2020, 5:17:03 PM] [31merror[39m: ----------------------------
[11/1/2020, 5:17:03 PM] [31merror[39m: error = "{\"status\":404,\"message\":\"Not Found\"}"
[11/1/2020, 5:17:03 PM] [31merror[39m: method = "GET"
[11/1/2020, 5:17:03 PM] [31merror[39m: statusCode = undefined
[11/1/2020, 5:17:03 PM] [31merror[39m: params = {}
[11/1/2020, 5:17:03 PM] [31merror[39m: url = "/boards/5f9ec35ef63528083cc2d6ba/tasks/5f9ec35ef63528083cc2d6bd"
[11/1/2020, 5:17:03 PM] [31merror[39m: body = {}
[11/1/2020, 5:17:03 PM] [31merror[39m: query = {}
[11/1/2020, 5:17:03 PM] [31merror[39m: stack = undefined
[11/1/2020, 5:17:03 PM] [31merror[39m: ----------------------------
[11/1/2020, 5:17:03 PM] [31merror[39m: ----------------------------
[11/1/2020, 5:17:03 PM] [31merror[39m: error = "{\"status\":404,\"message\":\"Not Found\"}"
[11/1/2020, 5:17:03 PM] [31merror[39m: method = "GET"
[11/1/2020, 5:17:03 PM] [31merror[39m: statusCode = undefined
[11/1/2020, 5:17:03 PM] [31merror[39m: params = {}
[11/1/2020, 5:17:03 PM] [31merror[39m: url = "/boards/5f9ec35ef63528083cc2d6ba/tasks/5f9ec35ef63528083cc2d6bf"
[11/1/2020, 5:17:03 PM] [31merror[39m: body = {}
[11/1/2020, 5:17:03 PM] [31merror[39m: query = {}
[11/1/2020, 5:17:03 PM] [31merror[39m: stack = undefined
[11/1/2020, 5:17:03 PM] [31merror[39m: ----------------------------
[11/1/2020, 5:17:03 PM] [31merror[39m: ----------------------------
[11/1/2020, 5:17:03 PM] [31merror[39m: error = "{\"status\":401,\"message\":\"Unauthorized\"}"
[11/1/2020, 5:17:03 PM] [31merror[39m: method = "GET"
[11/1/2020, 5:17:03 PM] [31merror[39m: statusCode = undefined
[11/1/2020, 5:17:03 PM] [31merror[39m: params = {}
[11/1/2020, 5:17:03 PM] [31merror[39m: url = "/boards"
[11/1/2020, 5:17:03 PM] [31merror[39m: body = {}
[11/1/2020, 5:17:03 PM] [31merror[39m: query = {}
[11/1/2020, 5:17:03 PM] [31merror[39m: stack = undefined
[11/1/2020, 5:17:03 PM] [31merror[39m: ----------------------------
[11/1/2020, 5:17:03 PM] [31merror[39m: ----------------------------
[11/1/2020, 5:17:03 PM] [31merror[39m: error = "{\"status\":404,\"message\":\"Not Found\"}"
[11/1/2020, 5:17:03 PM] [31merror[39m: method = "GET"
[11/1/2020, 5:17:03 PM] [31merror[39m: statusCode = undefined
[11/1/2020, 5:17:03 PM] [31merror[39m: params = {}
[11/1/2020, 5:17:03 PM] [31merror[39m: url = "/boards/5f9ec35ef63528083cc2d6ba/tasks/5f9ec35ff63528083cc2d6c1"
[11/1/2020, 5:17:03 PM] [31merror[39m: body = {}
[11/1/2020, 5:17:03 PM] [31merror[39m: query = {}
[11/1/2020, 5:17:03 PM] [31merror[39m: stack = undefined
[11/1/2020, 5:17:03 PM] [31merror[39m: ----------------------------
[11/1/2020, 5:17:03 PM] [31merror[39m: ----------------------------
[11/1/2020, 5:17:03 PM] [31merror[39m: error = "{\"status\":401,\"message\":\"Unauthorized\"}"
[11/1/2020, 5:17:03 PM] [31merror[39m: method = "GET"
[11/1/2020, 5:17:03 PM] [31merror[39m: statusCode = undefined
[11/1/2020, 5:17:03 PM] [31merror[39m: params = {}
[11/1/2020, 5:17:03 PM] [31merror[39m: url = "/boards/12345"
[11/1/2020, 5:17:03 PM] [31merror[39m: body = {}
[11/1/2020, 5:17:03 PM] [31merror[39m: query = {}
[11/1/2020, 5:17:03 PM] [31merror[39m: stack = undefined
[11/1/2020, 5:17:03 PM] [31merror[39m: ----------------------------
[11/1/2020, 5:17:03 PM] [31merror[39m: ----------------------------
[11/1/2020, 5:17:03 PM] [31merror[39m: error = "{\"status\":401,\"message\":\"Unauthorized\"}"
[11/1/2020, 5:17:03 PM] [31merror[39m: method = "POST"
[11/1/2020, 5:17:03 PM] [31merror[39m: statusCode = undefined
[11/1/2020, 5:17:03 PM] [31merror[39m: params = {}
[11/1/2020, 5:17:03 PM] [31merror[39m: url = "/boards"
[11/1/2020, 5:17:03 PM] [31merror[39m: body = {"title":"Autotest board","columns":[{"title":"Backlog","order":1},{"title":"Sprint","order":2}]}
[11/1/2020, 5:17:03 PM] [31merror[39m: query = {}
[11/1/2020, 5:17:03 PM] [31merror[39m: stack = undefined
[11/1/2020, 5:17:03 PM] [31merror[39m: ----------------------------
[11/1/2020, 5:17:03 PM] [31merror[39m: ----------------------------
[11/1/2020, 5:17:03 PM] [31merror[39m: error = "{\"status\":401,\"message\":\"Unauthorized\"}"
[11/1/2020, 5:17:03 PM] [31merror[39m: method = "PUT"
[11/1/2020, 5:17:03 PM] [31merror[39m: statusCode = undefined
[11/1/2020, 5:17:03 PM] [31merror[39m: params = {}
[11/1/2020, 5:17:03 PM] [31merror[39m: url = "/boards/12345"
[11/1/2020, 5:17:03 PM] [31merror[39m: body = {"title":"Autotest board","columns":[{"title":"Backlog","order":1},{"title":"Sprint","order":2}]}
[11/1/2020, 5:17:03 PM] [31merror[39m: query = {}
[11/1/2020, 5:17:03 PM] [31merror[39m: stack = undefined
[11/1/2020, 5:17:03 PM] [31merror[39m: ----------------------------
[11/1/2020, 5:17:03 PM] [31merror[39m: ----------------------------
[11/1/2020, 5:17:03 PM] [31merror[39m: error = "{\"status\":401,\"message\":\"Unauthorized\"}"
[11/1/2020, 5:17:03 PM] [31merror[39m: method = "DELETE"
[11/1/2020, 5:17:03 PM] [31merror[39m: statusCode = undefined
[11/1/2020, 5:17:03 PM] [31merror[39m: params = {}
[11/1/2020, 5:17:03 PM] [31merror[39m: url = "/boards/12345"
[11/1/2020, 5:17:03 PM] [31merror[39m: body = {}
[11/1/2020, 5:17:03 PM] [31merror[39m: query = {}
[11/1/2020, 5:17:03 PM] [31merror[39m: stack = undefined
[11/1/2020, 5:17:03 PM] [31merror[39m: ----------------------------
[11/1/2020, 5:17:03 PM] [31merror[39m: ----------------------------
[11/1/2020, 5:17:03 PM] [31merror[39m: error = "{\"status\":401,\"message\":\"Unauthorized\"}"
[11/1/2020, 5:17:03 PM] [31merror[39m: method = "GET"
[11/1/2020, 5:17:03 PM] [31merror[39m: statusCode = undefined
[11/1/2020, 5:17:03 PM] [31merror[39m: params = {}
[11/1/2020, 5:17:03 PM] [31merror[39m: url = "/boards/12345/tasks"
[11/1/2020, 5:17:03 PM] [31merror[39m: body = {}
[11/1/2020, 5:17:03 PM] [31merror[39m: query = {}
[11/1/2020, 5:17:03 PM] [31merror[39m: stack = undefined
[11/1/2020, 5:17:03 PM] [31merror[39m: ----------------------------
[11/1/2020, 5:17:03 PM] [31merror[39m: ----------------------------
[11/1/2020, 5:17:03 PM] [31merror[39m: error = "{\"status\":401,\"message\":\"Unauthorized\"}"
[11/1/2020, 5:17:03 PM] [31merror[39m: method = "GET"
[11/1/2020, 5:17:03 PM] [31merror[39m: statusCode = undefined
[11/1/2020, 5:17:03 PM] [31merror[39m: params = {}
[11/1/2020, 5:17:03 PM] [31merror[39m: url = "/boards/12345/tasks/12345"
[11/1/2020, 5:17:03 PM] [31merror[39m: body = {}
[11/1/2020, 5:17:03 PM] [31merror[39m: query = {}
[11/1/2020, 5:17:03 PM] [31merror[39m: stack = undefined
[11/1/2020, 5:17:03 PM] [31merror[39m: ----------------------------
[11/1/2020, 5:17:03 PM] [31merror[39m: ----------------------------
[11/1/2020, 5:17:03 PM] [31merror[39m: error = "{\"status\":401,\"message\":\"Unauthorized\"}"
[11/1/2020, 5:17:03 PM] [31merror[39m: method = "POST"
[11/1/2020, 5:17:03 PM] [31merror[39m: statusCode = undefined
[11/1/2020, 5:17:03 PM] [31merror[39m: params = {}
[11/1/2020, 5:17:03 PM] [31merror[39m: url = "/boards/12345/tasks"
[11/1/2020, 5:17:03 PM] [31merror[39m: body = {"title":"Autotest task","order":0,"description":"Lorem ipsum","userId":null,"boardId":null,"columnId":null}
[11/1/2020, 5:17:03 PM] [31merror[39m: query = {}
[11/1/2020, 5:17:03 PM] [31merror[39m: stack = undefined
[11/1/2020, 5:17:03 PM] [31merror[39m: ----------------------------
[11/1/2020, 5:17:03 PM] [31merror[39m: ----------------------------
[11/1/2020, 5:17:03 PM] [31merror[39m: error = "{\"status\":401,\"message\":\"Unauthorized\"}"
[11/1/2020, 5:17:03 PM] [31merror[39m: method = "PUT"
[11/1/2020, 5:17:03 PM] [31merror[39m: statusCode = undefined
[11/1/2020, 5:17:03 PM] [31merror[39m: params = {}
[11/1/2020, 5:17:03 PM] [31merror[39m: url = "/boards/12345/tasks/12345"
[11/1/2020, 5:17:03 PM] [31merror[39m: body = {"title":"Autotest task","order":0,"description":"Lorem ipsum","userId":null,"boardId":null,"columnId":null}
[11/1/2020, 5:17:03 PM] [31merror[39m: query = {}
[11/1/2020, 5:17:03 PM] [31merror[39m: stack = undefined
[11/1/2020, 5:17:03 PM] [31merror[39m: ----------------------------
[11/1/2020, 5:17:03 PM] [31merror[39m: ----------------------------
[11/1/2020, 5:17:03 PM] [31merror[39m: error = "{\"status\":401,\"message\":\"Unauthorized\"}"
[11/1/2020, 5:17:03 PM] [31merror[39m: method = "DELETE"
[11/1/2020, 5:17:03 PM] [31merror[39m: statusCode = undefined
[11/1/2020, 5:17:03 PM] [31merror[39m: params = {}
[11/1/2020, 5:17:03 PM] [31merror[39m: url = "/boards/12345/tasks/12345"
[11/1/2020, 5:17:03 PM] [31merror[39m: body = {}
[11/1/2020, 5:17:03 PM] [31merror[39m: query = {}
[11/1/2020, 5:17:03 PM] [31merror[39m: stack = undefined
[11/1/2020, 5:17:03 PM] [31merror[39m: ----------------------------
